[2025-04-22 19:16:50.863] [12184.945892]: LQM-WIFI-CT: ofdmDesense=0 bphyDesense=0 reason=0x0
[2025-04-22 19:16:50.863] [12185.336511]: LQM-WIFI: TX(00:00:00:00:00:00) AC<SU MS NB NRS NA CM EX TF FFP MRET FLE> BE<24 0 0 0 0 0 0 0 0 0 0> (5000ms)
[2025-04-22 19:16:50.863] [12185.336525]: LQM-WIFI: TX(00:00:00:00:00:00) AC<SU MS NB NRS NA CM EX TF FFP MRET FLE> BK<0 0 0 0 0 0 0 0 0 0 0> (5000ms)
[2025-04-22 19:16:50.863] [12185.336532]: LQM-WIFI: TX(00:00:00:00:00:00) AC<SU MS NB NRS NA CM EX TF FFP MRET FLE> VI<0 0 0 0 0 0 0 0 0 0 0> (5000ms)
[2025-04-22 19:16:50.863] [12185.336539]: LQM-WIFI: TX(00:00:00:00:00:00) AC<SU MS NB NRS NA CM EX TF FFP MRET FLE> VO<1 0 0 0 0 0 0 0 0 0 0> (5000ms)
[2025-04-22 19:16:50.863] [12185.336650]: LQM-WiFi: BE : Count: 24 avgLatencyMs:0 maxLatencyMs:7 
[2025-04-22 19:16:50.863] [12185.336658]: LQM-WiFi: BK : Count: 0 avgLatencyMs:0 maxLatencyMs:0 
[2025-04-22 19:16:50.863] [12185.336663]: LQM-WiFi: VI : Count: 0 avgLatencyMs:0 maxLatencyMs:0 
[2025-04-22 19:16:50.863] [12185.336668]: LQM-WiFi: VO : Count: 1 avgLatencyMs:0 maxLatencyMs:0 
[2025-04-22 19:16:50.863] [12185.336679]: LQM-WIFI: L3 Control VO TX(00:00:00:00:00:00) Success=1 NoACK=0 Expired=0 OtherErr=0
[2025-04-22 19:16:50.863] [12185.336686]: LQM-WIFI: TX(FF:FF:FF:FF:FF:FF) AC<SU MS NB NRS NA CM EX TF FFP MRET FLE> BE<0 0 0 0 0 0 0 0 0 0 0> (5000ms)
[2025-04-22 19:16:50.863] [12185.336698]: LQM-WIFI: TX(FF:FF:FF:FF:FF:FF) AC<SU MS NB NRS NA CM EX TF FFP MRET FLE> VO<0 0 0 0 0 0 0 0 0 0 0> (5000ms)
[2025-04-22 19:16:50.863] [12185.731713]: LQM-WIFI:  WiFi Latency: TxLat-hist  [0(100 %) / 0(0 %) / 0(0 %) / 0(0 %)]   RxLat-hist  [0(0 %) / 0(0 %) / 0(0 %) / 0(0 %)]  intermittent-state = 0 
[2025-04-22 19:16:50.863] [12185.731768]: LQM-WIFI-CT: rssi=-66(-65 -65) snr=28 bcn=49(49) txFrames=23 txRetry=3 txRate=650000 rxFrames=35 rxRetry=2 rxRate=585000 rxToss=0
[2025-04-22 19:16:50.863] [12188.291973]: LQM-WIFI-CT: rssi=-67(-67 -67) snr=27 bcn=0(0) txFrames=0 txRetry=0 txRate=0 rxFrames=0 rxRetry=0 rxRate=0 rxToss=0
[2025-04-22 19:16:50.863] [12188.986141]: LQM-WIFI: slow-wifi featureEnabled:1 Channel:136 chWidth:80 phyMode:128 nss:3 RSSI:-67 CCA:4 SNR:27 offChanDurUS:0 TVPMDurMS:0 concurrentIntDurMS:0 randomMac:0 dataStallScore:100 networkScore:100
[2025-04-22 19:16:50.863] [12188.986166]: LQM-WIFI: slow-wifi btAntDurMS:0 btESCO:0/0 rc1CoexDurMS:0 rc2CoexDurMS:0 lteCoexDurMS:0 totalNonWLANDurMS:0 infraDutyCycle:100 lastScanType:0
[2025-04-22 19:16:50.863] [12188.986174]: LQM-WIFI: slow-wifi availWLANDurMS:5015 availTxDurMS:4914 realTxDurMS:27 availRxDurMS:4988 realRxDurMS:101 measurementDurMS:5015 lastScanDurMS:0
[2025-04-22 19:16:50.863] [12188.986182]: LQM-WIFI: slow-wifi Tx tput (i/p:0 o/p:0 expected:0)Mbps queueFullDurMS:0 avgLatencyMS:3 maxLatencyMS:15 phyRate(mode:520 avg:485 expected:669) phyRateTputRatio:0
[2025-04-22 19:16:50.863] [12188.986203]: LQM-WIFI: slow-wifi Tx AMPDUDensity(actual:1 expectedAtQueueFull:64) retries:105 fails:0 fwFrames:80 hostFrames:0 hostFails:0 ctlPkts:1(2615) symptomsFails:0
[2025-04-22 19:16:50.863] [12188.986211]: LQM-WIFI: slow-wifi TxLim[1] outputBelowExpected:0 outputBelowInput:0 lowTxFrameCount:1 queueFull:0 highLatency:0 baselineNotAllowed:0 highSymptomsFails:0
[2025-04-22 19:16:50.863] [12188.986219]: LQM-WIFI: slow-wifi TxLim[1] lowPhyRate:0 lowPhyRateTputRatio:0 highPER:0 highRetries:0 lowTxAMPDUDensity:1 lowCCA:1 activeCoex:0 hostFWMismatch:0
[2025-04-22 19:16:50.863] [12188.986226]: LQM-WIFI: slow-wifi Rx tput:0 Mbps baseline:0 Mbps overflows:0 fcsFail:44 plcpBad:0 goodPlcps:652 crsGlitches:0 fwFrames:1284 ucastFWFrames:49 hostFrames:0 AmpduDUP:0 APTxDataStallPct:0 rxAmpduTxBaMismatch:0
[2025-04-22 19:16:50.863] [12188.986236]: LQM-WIFI: slow-wifi Rx ucast(replays:0 decryptErrs:0) mcast(replays:0 decryptErrs:0) phyRate(mode:520 avg:592 expected:669) dups:0 retries:0 phyRateTputRatio:0
[2025-04-22 19:16:50.863] [12188.986243]: LQM-WIFI: slow-wifi RxLim[1] highRetries:0 highPhyPER:0 highDataPER:0 highOverflows:0 highRSSI:1 lowPhyRate:0 lowPhyRateTputRatio:0 
[2025-04-22 19:16:50.863] [12188.986250]: LQM-WIFI: slow-wifi RxLim[1] highFCSErrors:0 highDups:0 highReplays:0 highDecryptErrors:0 highMCDecryptErrors:0 lowRxFrameCount:1
[2025-04-22 19:16:50.863] [12188.986256]: LQM-WIFI: UI Entry curState:Idle prevState:PendingIP event:ChannelQualityUpdate data:1
[2025-04-22 19:16:50.863] [12188.986263]: LQM-WIFI: UI Exit curState:Idle prevState:PendingIP
[2025-04-22 19:16:50.863] [12189.947047]: LQM-WIFI-CT: ofdmDesense=0 bphyDesense=0 reason=0x0
[2025-04-22 19:16:50.863] [12190.336973]: LQM-WIFI: TX(00:00:00:00:00:00) AC<SU MS NB NRS NA CM EX TF FFP MRET FLE> BE<103 0 0 0 0 0 0 0 0 0 0> (5000ms)
[2025-04-22 19:16:50.863] [12190.336998]: LQM-WIFI: TX(00:00:00:00:00:00) AC<SU MS NB NRS NA CM EX TF FFP MRET FLE> BK<0 0 0 0 0 0 0 0 0 0 0> (5000ms)
[2025-04-22 19:16:50.863] [12190.337010]: LQM-WIFI: TX(00:00:00:00:00:00) AC<SU MS NB NRS NA CM EX TF FFP MRET FLE> VI<0 0 0 0 0 0 0 0 0 0 0> (5000ms)
[2025-04-22 19:16:50.863] [12190.337020]: LQM-WIFI: TX(00:00:00:00:00:00) AC<SU MS NB NRS NA CM EX TF FFP MRET FLE> VO<0 0 0 0 0 0 0 0 0 0 0> (5000ms)
[2025-04-22 19:16:50.863] [12190.337181]: LQM-WiFi: BE : Count: 103 avgLatencyMs:3 maxLatencyMs:15 
[2025-04-22 19:16:50.863] [12190.337199]: LQM-WiFi: BK : Count: 0 avgLatencyMs:0 maxLatencyMs:0 
[2025-04-22 19:16:50.863] [12190.337205]: LQM-WiFi: VI : Count: 0 avgLatencyMs:0 maxLatencyMs:0 
[2025-04-22 19:16:50.863] [12190.337210]: LQM-WiFi: VO : Count: 0 avgLatencyMs:0 maxLatencyMs:0 
[2025-04-22 19:16:50.863] [12190.337226]: LQM-WIFI: L3 Control VO TX(00:00:00:00:00:00) Success=0 NoACK=0 Expired=0 OtherErr=0
[2025-04-22 19:16:50.863] [12190.337236]: LQM-WIFI: TX(FF:FF:FF:FF:FF:FF) AC<SU MS NB NRS NA CM EX TF FFP MRET FLE> BE<0 0 0 0 0 0 0 0 0 0 0> (5001ms)
[2025-04-22 19:16:50.863] [12190.337275]: LQM-WIFI: TX(FF:FF:FF:FF:FF:FF) AC<SU MS NB NRS NA CM EX TF FFP MRET FLE> VO<0 0 0 0 0 0 0 0 0 0 0> (5001ms)
[2025-04-22 19:16:50.863] [12190.741601]: LQM-WIFI:  WiFi Latency: TxLat-hist  [3(100 %) / 0(0 %) / 0(0 %) / 0(0 %)]   RxLat-hist  [0(0 %) / 0(0 %) / 0(0 %) / 0(0 %)]  intermittent-state = 0 
[2025-04-22 19:16:50.863] [12190.741651]: LQM-WIFI-CT: rssi=-64(-66 -64) snr=29 bcn=49(49) txFrames=75 txRetry=108 txRate=585000 rxFrames=58 rxRetry=1 rxRate=585000 rxToss=0
[2025-04-22 19:16:50.863] [12194.010198]: LQM-WIFI: slow-wifi featureEnabled:1 Channel:136 chWidth:80 phyMode:128 nss:3 RSSI:-64 CCA:4 SNR:29 offChanDurUS:0 TVPMDurMS:0 concurrentIntDurMS:0 randomMac:0 dataStallScore:100 networkScore:100
[2025-04-22 19:16:50.863] [12194.010223]: LQM-WIFI: slow-wifi btAntDurMS:0 btESCO:0/0 rc1CoexDurMS:0 rc2CoexDurMS:0 lteCoexDurMS:0 totalNonWLANDurMS:0 infraDutyCycle:100 lastScanType:0
[2025-04-22 19:16:50.863] [12194.010231]: LQM-WIFI: slow-wifi availWLANDurMS:5018 availTxDurMS:4898 realTxDurMS:6 availRxDurMS:5012 realRxDurMS:120 measurementDurMS:5018 lastScanDurMS:0
[2025-04-22 19:16:50.863] [12194.010239]: LQM-WIFI: slow-wifi Tx tput (i/p:0 o/p:0 expected:0)Mbps queueFullDurMS:0 avgLatencyMS:3 maxLatencyMS:9 phyRate(mode:520 avg:470 expected:1004) phyRateTputRatio:0
[2025-04-22 19:16:50.863] [12194.010247]: LQM-WIFI: slow-wifi Tx AMPDUDensity(actual:1 expectedAtQueueFull:64) retries:28 fails:0 fwFrames:26 hostFrames:0 hostFails:0 ctlPkts:0(2615) symptomsFails:0
[2025-04-22 19:16:50.863] [12194.010255]: LQM-WIFI: slow-wifi TxLim[1] outputBelowExpected:0 outputBelowInput:0 lowTxFrameCount:1 queueFull:0 highLatency:0 baselineNotAllowed:0 highSymptomsFails:0
[2025-04-22 19:16:50.863] [12194.010263]: LQM-WIFI: slow-wifi TxLim[1] lowPhyRate:0 lowPhyRateTputRatio:0 highPER:0 highRetries:0 lowTxAMPDUDensity:1 lowCCA:1 activeCoex:0 hostFWMismatch:0
[2025-04-22 19:16:50.863] [12194.010270]: LQM-WIFI: slow-wifi Rx tput:0 Mbps baseline:0 Mbps overflows:0 fcsFail:1 plcpBad:0 goodPlcps:716 crsGlitches:23 fwFrames:973 ucastFWFrames:15 hostFrames:0 AmpduDUP:0 APTxDataStallPct:0 rxAmpduTxBaMismatch:0
[2025-04-22 19:16:50.863] [12194.010280]: LQM-WIFI: slow-wifi Rx ucast(replays:0 decryptErrs:0) mcast(replays:0 decryptErrs:0) phyRate(mode:520 avg:618 expected:1004) dups:1 retries:0 phyRateTputRatio:0
[2025-04-22 19:16:50.863] [12194.010288]: LQM-WIFI: slow-wifi RxLim[1] highRetries:0 highPhyPER:0 highDataPER:0 highOverflows:0 highRSSI:1 lowPhyRate:0 lowPhyRateTputRatio:0 
[2025-04-22 19:16:50.863] [12194.010295]: LQM-WIFI: slow-wifi RxLim[1] highFCSErrors:0 highDups:0 highReplays:0 highDecryptErrors:0 highMCDecryptErrors:0 lowRxFrameCount:1
[2025-04-22 19:16:50.863] [12194.010301]: LQM-WIFI: UI Entry curState:Idle prevState:PendingIP event:ChannelQualityUpdate data:1
[2025-04-22 19:16:50.863] [12194.010309]: LQM-WIFI: UI Exit curState:Idle prevState:PendingIP
[2025-04-22 19:16:50.863] [12194.947294]: LQM-WIFI-CT: ofdmDesense=0 bphyDesense=0 reason=0x0
[2025-04-22 19:16:50.863] [12195.337529]: LQM-WIFI: TX(00:00:00:00:00:00) AC<SU MS NB NRS NA CM EX TF FFP MRET FLE> BE<34 0 0 0 0 0 0 0 0 0 0> (5001ms)
[2025-04-22 19:16:50.863] [12195.337555]: LQM-WIFI: TX(00:00:00:00:00:00) AC<SU MS NB NRS NA CM EX TF FFP MRET FLE> BK<0 0 0 0 0 0 0 0 0 0 0> (5001ms)
[2025-04-22 19:16:50.863] [12195.337589]: LQM-WIFI: TX(00:00:00:00:00:00) AC<SU MS NB NRS NA CM EX TF FFP MRET FLE> VI<0 0 0 0 0 0 0 0 0 0 0> (5001ms)
[2025-04-22 19:16:50.863] [12195.337599]: LQM-WIFI: TX(00:00:00:00:00:00) AC<SU MS NB NRS NA CM EX TF FFP MRET FLE> VO<1 0 0 0 0 0 0 0 0 0 0> (5001ms)
[2025-04-22 19:16:50.863] [12195.337774]: LQM-WiFi: BE : Count: 34 avgLatencyMs:3 maxLatencyMs:9 
[2025-04-22 19:16:50.863] [12195.337793]: LQM-WiFi: BK : Count: 0 avgLatencyMs:0 maxLatencyMs:0 
[2025-04-22 19:16:50.863] [12195.337799]: LQM-WiFi: VI : Count: 0 avgLatencyMs:0 maxLatencyMs:0 
[2025-04-22 19:16:50.863] [12195.337804]: LQM-WiFi: VO : Count: 1 avgLatencyMs:1 maxLatencyMs:1 
[2025-04-22 19:16:50.863] [12195.337821]: LQM-WIFI: L3 Control VO TX(00:00:00:00:00:00) Success=1 NoACK=0 Expired=0 OtherErr=0
[2025-04-22 19:16:50.863] [12195.337831]: LQM-WIFI: TX(FF:FF:FF:FF:FF:FF) AC<SU MS NB NRS NA CM EX TF FFP MRET FLE> BE<0 0 0 0 0 0 0 0 0 0 0> (5000ms)
[2025-04-22 19:16:50.863] [12195.337846]: LQM-WIFI: TX(FF:FF:FF:FF:FF:FF) AC<SU MS NB NRS NA CM EX TF FFP MRET FLE> VO<0 0 0 0 0 0 0 0 0 0 0> (5000ms)
[2025-04-22 19:16:50.863] [12195.754399]: LQM-WIFI:  WiFi Latency: TxLat-hist  [3(100 %) / 0(0 %) / 0(0 %) / 0(0 %)]   RxLat-hist  [0(0 %) / 0(0 %) / 0(0 %) / 0(0 %)]  intermittent-state = 0 
[2025-04-22 19:16:50.863] [12195.754458]: LQM-WIFI-CT: rssi=-68(-67 -69) snr=25 bcn=49(50) txFrames=27 txRetry=18 txRate=650000 rxFrames=29 rxRetry=1 rxRate=585000 rxToss=0
[2025-04-22 19:16:50.863] [12196.197025]: Waking up reference: 193Thread waiting on reference 193 woke upevaluation result: 193, exec, allowed, cache,  1745363810, 7, 5fea21a001ab487c, /Users/nickdeveau/Documents/Projects/WiFi-Stability-Analyzer/wsamap_with_linking_np: [15419(wsa)]: region 0, not code signed
[2025-04-22 19:16:51.363] [12185.336511]: LQM-WIFI: TX(00:00:00:00:00:00) AC<SU MS NB NRS NA CM EX TF FFP MRET FLE> BE<24 0 0 0 0 0 0 0 0 0 0> (5000ms)
[2025-04-22 19:16:51.363] [12185.336525]: LQM-WIFI: TX(00:00:00:00:00:00) AC<SU MS NB NRS NA CM EX TF FFP MRET FLE> BK<0 0 0 0 0 0 0 0 0 0 0> (5000ms)
[2025-04-22 19:16:51.363] [12185.336532]: LQM-WIFI: TX(00:00:00:00:00:00) AC<SU MS NB NRS NA CM EX TF FFP MRET FLE> VI<0 0 0 0 0 0 0 0 0 0 0> (5000ms)
[2025-04-22 19:16:51.363] [12185.336539]: LQM-WIFI: TX(00:00:00:00:00:00) AC<SU MS NB NRS NA CM EX TF FFP MRET FLE> VO<1 0 0 0 0 0 0 0 0 0 0> (5000ms)
[2025-04-22 19:16:51.363] [12185.336650]: LQM-WiFi: BE : Count: 24 avgLatencyMs:0 maxLatencyMs:7 
[2025-04-22 19:16:51.363] [12185.336658]: LQM-WiFi: BK : Count: 0 avgLatencyMs:0 maxLatencyMs:0 
[2025-04-22 19:16:51.363] [12185.336663]: LQM-WiFi: VI : Count: 0 avgLatencyMs:0 maxLatencyMs:0 
[2025-04-22 19:16:51.363] [12185.336668]: LQM-WiFi: VO : Count: 1 avgLatencyMs:0 maxLatencyMs:0 
[2025-04-22 19:16:51.363] [12185.336679]: LQM-WIFI: L3 Control VO TX(00:00:00:00:00:00) Success=1 NoACK=0 Expired=0 OtherErr=0
[2025-04-22 19:16:51.363] [12185.336686]: LQM-WIFI: TX(FF:FF:FF:FF:FF:FF) AC<SU MS NB NRS NA CM EX TF FFP MRET FLE> BE<0 0 0 0 0 0 0 0 0 0 0> (5000ms)
[2025-04-22 19:16:51.363] [12185.336698]: LQM-WIFI: TX(FF:FF:FF:FF:FF:FF) AC<SU MS NB NRS NA CM EX TF FFP MRET FLE> VO<0 0 0 0 0 0 0 0 0 0 0> (5000ms)
[2025-04-22 19:16:51.363] [12185.731713]: LQM-WIFI:  WiFi Latency: TxLat-hist  [0(100 %) / 0(0 %) / 0(0 %) / 0(0 %)]   RxLat-hist  [0(0 %) / 0(0 %) / 0(0 %) / 0(0 %)]  intermittent-state = 0 
[2025-04-22 19:16:51.363] [12185.731768]: LQM-WIFI-CT: rssi=-66(-65 -65) snr=28 bcn=49(49) txFrames=23 txRetry=3 txRate=650000 rxFrames=35 rxRetry=2 rxRate=585000 rxToss=0
[2025-04-22 19:16:51.363] [12188.291973]: LQM-WIFI-CT: rssi=-67(-67 -67) snr=27 bcn=0(0) txFrames=0 txRetry=0 txRate=0 rxFrames=0 rxRetry=0 rxRate=0 rxToss=0
[2025-04-22 19:16:51.363] [12188.986141]: LQM-WIFI: slow-wifi featureEnabled:1 Channel:136 chWidth:80 phyMode:128 nss:3 RSSI:-67 CCA:4 SNR:27 offChanDurUS:0 TVPMDurMS:0 concurrentIntDurMS:0 randomMac:0 dataStallScore:100 networkScore:100
[2025-04-22 19:16:51.363] [12188.986166]: LQM-WIFI: slow-wifi btAntDurMS:0 btESCO:0/0 rc1CoexDurMS:0 rc2CoexDurMS:0 lteCoexDurMS:0 totalNonWLANDurMS:0 infraDutyCycle:100 lastScanType:0
[2025-04-22 19:16:51.363] [12188.986174]: LQM-WIFI: slow-wifi availWLANDurMS:5015 availTxDurMS:4914 realTxDurMS:27 availRxDurMS:4988 realRxDurMS:101 measurementDurMS:5015 lastScanDurMS:0
[2025-04-22 19:16:51.363] [12188.986182]: LQM-WIFI: slow-wifi Tx tput (i/p:0 o/p:0 expected:0)Mbps queueFullDurMS:0 avgLatencyMS:3 maxLatencyMS:15 phyRate(mode:520 avg:485 expected:669) phyRateTputRatio:0
[2025-04-22 19:16:51.363] [12188.986203]: LQM-WIFI: slow-wifi Tx AMPDUDensity(actual:1 expectedAtQueueFull:64) retries:105 fails:0 fwFrames:80 hostFrames:0 hostFails:0 ctlPkts:1(2615) symptomsFails:0
[2025-04-22 19:16:51.363] [12188.986211]: LQM-WIFI: slow-wifi TxLim[1] outputBelowExpected:0 outputBelowInput:0 lowTxFrameCount:1 queueFull:0 highLatency:0 baselineNotAllowed:0 highSymptomsFails:0
[2025-04-22 19:16:51.363] [12188.986219]: LQM-WIFI: slow-wifi TxLim[1] lowPhyRate:0 lowPhyRateTputRatio:0 highPER:0 highRetries:0 lowTxAMPDUDensity:1 lowCCA:1 activeCoex:0 hostFWMismatch:0
[2025-04-22 19:16:51.363] [12188.986226]: LQM-WIFI: slow-wifi Rx tput:0 Mbps baseline:0 Mbps overflows:0 fcsFail:44 plcpBad:0 goodPlcps:652 crsGlitches:0 fwFrames:1284 ucastFWFrames:49 hostFrames:0 AmpduDUP:0 APTxDataStallPct:0 rxAmpduTxBaMismatch:0
[2025-04-22 19:16:51.363] [12188.986236]: LQM-WIFI: slow-wifi Rx ucast(replays:0 decryptErrs:0) mcast(replays:0 decryptErrs:0) phyRate(mode:520 avg:592 expected:669) dups:0 retries:0 phyRateTputRatio:0
[2025-04-22 19:16:51.363] [12188.986243]: LQM-WIFI: slow-wifi RxLim[1] highRetries:0 highPhyPER:0 highDataPER:0 highOverflows:0 highRSSI:1 lowPhyRate:0 lowPhyRateTputRatio:0 
[2025-04-22 19:16:51.363] [12188.986250]: LQM-WIFI: slow-wifi RxLim[1] highFCSErrors:0 highDups:0 highReplays:0 highDecryptErrors:0 highMCDecryptErrors:0 lowRxFrameCount:1
[2025-04-22 19:16:51.363] [12188.986256]: LQM-WIFI: UI Entry curState:Idle prevState:PendingIP event:ChannelQualityUpdate data:1
[2025-04-22 19:16:51.363] [12188.986263]: LQM-WIFI: UI Exit curState:Idle prevState:PendingIP
[2025-04-22 19:16:51.363] [12189.947047]: LQM-WIFI-CT: ofdmDesense=0 bphyDesense=0 reason=0x0
[2025-04-22 19:16:51.363] [12190.336973]: LQM-WIFI: TX(00:00:00:00:00:00) AC<SU MS NB NRS NA CM EX TF FFP MRET FLE> BE<103 0 0 0 0 0 0 0 0 0 0> (5000ms)
[2025-04-22 19:16:51.363] [12190.336998]: LQM-WIFI: TX(00:00:00:00:00:00) AC<SU MS NB NRS NA CM EX TF FFP MRET FLE> BK<0 0 0 0 0 0 0 0 0 0 0> (5000ms)
[2025-04-22 19:16:51.363] [12190.337010]: LQM-WIFI: TX(00:00:00:00:00:00) AC<SU MS NB NRS NA CM EX TF FFP MRET FLE> VI<0 0 0 0 0 0 0 0 0 0 0> (5000ms)
[2025-04-22 19:16:51.363] [12190.337020]: LQM-WIFI: TX(00:00:00:00:00:00) AC<SU MS NB NRS NA CM EX TF FFP MRET FLE> VO<0 0 0 0 0 0 0 0 0 0 0> (5000ms)
[2025-04-22 19:16:51.363] [12190.337181]: LQM-WiFi: BE : Count: 103 avgLatencyMs:3 maxLatencyMs:15 
[2025-04-22 19:16:51.363] [12190.337199]: LQM-WiFi: BK : Count: 0 avgLatencyMs:0 maxLatencyMs:0 
[2025-04-22 19:16:51.363] [12190.337205]: LQM-WiFi: VI : Count: 0 avgLatencyMs:0 maxLatencyMs:0 
[2025-04-22 19:16:51.363] [12190.337210]: LQM-WiFi: VO : Count: 0 avgLatencyMs:0 maxLatencyMs:0 
[2025-04-22 19:16:51.363] [12190.337226]: LQM-WIFI: L3 Control VO TX(00:00:00:00:00:00) Success=0 NoACK=0 Expired=0 OtherErr=0
[2025-04-22 19:16:51.363] [12190.337236]: LQM-WIFI: TX(FF:FF:FF:FF:FF:FF) AC<SU MS NB NRS NA CM EX TF FFP MRET FLE> BE<0 0 0 0 0 0 0 0 0 0 0> (5001ms)
[2025-04-22 19:16:51.363] [12190.337275]: LQM-WIFI: TX(FF:FF:FF:FF:FF:FF) AC<SU MS NB NRS NA CM EX TF FFP MRET FLE> VO<0 0 0 0 0 0 0 0 0 0 0> (5001ms)
[2025-04-22 19:16:51.363] [12190.741601]: LQM-WIFI:  WiFi Latency: TxLat-hist  [3(100 %) / 0(0 %) / 0(0 %) / 0(0 %)]   RxLat-hist  [0(0 %) / 0(0 %) / 0(0 %) / 0(0 %)]  intermittent-state = 0 
[2025-04-22 19:16:51.363] [12190.741651]: LQM-WIFI-CT: rssi=-64(-66 -64) snr=29 bcn=49(49) txFrames=75 txRetry=108 txRate=585000 rxFrames=58 rxRetry=1 rxRate=585000 rxToss=0
[2025-04-22 19:16:51.363] [12194.010198]: LQM-WIFI: slow-wifi featureEnabled:1 Channel:136 chWidth:80 phyMode:128 nss:3 RSSI:-64 CCA:4 SNR:29 offChanDurUS:0 TVPMDurMS:0 concurrentIntDurMS:0 randomMac:0 dataStallScore:100 networkScore:100
[2025-04-22 19:16:51.363] [12194.010223]: LQM-WIFI: slow-wifi btAntDurMS:0 btESCO:0/0 rc1CoexDurMS:0 rc2CoexDurMS:0 lteCoexDurMS:0 totalNonWLANDurMS:0 infraDutyCycle:100 lastScanType:0
[2025-04-22 19:16:51.363] [12194.010231]: LQM-WIFI: slow-wifi availWLANDurMS:5018 availTxDurMS:4898 realTxDurMS:6 availRxDurMS:5012 realRxDurMS:120 measurementDurMS:5018 lastScanDurMS:0
[2025-04-22 19:16:51.363] [12194.010239]: LQM-WIFI: slow-wifi Tx tput (i/p:0 o/p:0 expected:0)Mbps queueFullDurMS:0 avgLatencyMS:3 maxLatencyMS:9 phyRate(mode:520 avg:470 expected:1004) phyRateTputRatio:0
[2025-04-22 19:16:51.363] [12194.010247]: LQM-WIFI: slow-wifi Tx AMPDUDensity(actual:1 expectedAtQueueFull:64) retries:28 fails:0 fwFrames:26 hostFrames:0 hostFails:0 ctlPkts:0(2615) symptomsFails:0
[2025-04-22 19:16:51.363] [12194.010255]: LQM-WIFI: slow-wifi TxLim[1] outputBelowExpected:0 outputBelowInput:0 lowTxFrameCount:1 queueFull:0 highLatency:0 baselineNotAllowed:0 highSymptomsFails:0
[2025-04-22 19:16:51.363] [12194.010263]: LQM-WIFI: slow-wifi TxLim[1] lowPhyRate:0 lowPhyRateTputRatio:0 highPER:0 highRetries:0 lowTxAMPDUDensity:1 lowCCA:1 activeCoex:0 hostFWMismatch:0
[2025-04-22 19:16:51.363] [12194.010270]: LQM-WIFI: slow-wifi Rx tput:0 Mbps baseline:0 Mbps overflows:0 fcsFail:1 plcpBad:0 goodPlcps:716 crsGlitches:23 fwFrames:973 ucastFWFrames:15 hostFrames:0 AmpduDUP:0 APTxDataStallPct:0 rxAmpduTxBaMismatch:0
[2025-04-22 19:16:51.363] [12194.010280]: LQM-WIFI: slow-wifi Rx ucast(replays:0 decryptErrs:0) mcast(replays:0 decryptErrs:0) phyRate(mode:520 avg:618 expected:1004) dups:1 retries:0 phyRateTputRatio:0
[2025-04-22 19:16:51.363] [12194.010288]: LQM-WIFI: slow-wifi RxLim[1] highRetries:0 highPhyPER:0 highDataPER:0 highOverflows:0 highRSSI:1 lowPhyRate:0 lowPhyRateTputRatio:0 
[2025-04-22 19:16:51.363] [12194.010295]: LQM-WIFI: slow-wifi RxLim[1] highFCSErrors:0 highDups:0 highReplays:0 highDecryptErrors:0 highMCDecryptErrors:0 lowRxFrameCount:1
[2025-04-22 19:16:51.363] [12194.010301]: LQM-WIFI: UI Entry curState:Idle prevState:PendingIP event:ChannelQualityUpdate data:1
[2025-04-22 19:16:51.363] [12194.010309]: LQM-WIFI: UI Exit curState:Idle prevState:PendingIP
[2025-04-22 19:16:51.363] [12194.947294]: LQM-WIFI-CT: ofdmDesense=0 bphyDesense=0 reason=0x0
[2025-04-22 19:16:51.363] [12195.337529]: LQM-WIFI: TX(00:00:00:00:00:00) AC<SU MS NB NRS NA CM EX TF FFP MRET FLE> BE<34 0 0 0 0 0 0 0 0 0 0> (5001ms)
[2025-04-22 19:16:51.363] [12195.337555]: LQM-WIFI: TX(00:00:00:00:00:00) AC<SU MS NB NRS NA CM EX TF FFP MRET FLE> BK<0 0 0 0 0 0 0 0 0 0 0> (5001ms)
[2025-04-22 19:16:51.363] [12195.337589]: LQM-WIFI: TX(00:00:00:00:00:00) AC<SU MS NB NRS NA CM EX TF FFP MRET FLE> VI<0 0 0 0 0 0 0 0 0 0 0> (5001ms)
[2025-04-22 19:16:51.363] [12195.337599]: LQM-WIFI: TX(00:00:00:00:00:00) AC<SU MS NB NRS NA CM EX TF FFP MRET FLE> VO<1 0 0 0 0 0 0 0 0 0 0> (5001ms)
[2025-04-22 19:16:51.363] [12195.337774]: LQM-WiFi: BE : Count: 34 avgLatencyMs:3 maxLatencyMs:9 
[2025-04-22 19:16:51.363] [12195.337793]: LQM-WiFi: BK : Count: 0 avgLatencyMs:0 maxLatencyMs:0 
[2025-04-22 19:16:51.363] [12195.337799]: LQM-WiFi: VI : Count: 0 avgLatencyMs:0 maxLatencyMs:0 
[2025-04-22 19:16:51.363] [12195.337804]: LQM-WiFi: VO : Count: 1 avgLatencyMs:1 maxLatencyMs:1 
[2025-04-22 19:16:51.363] [12195.337821]: LQM-WIFI: L3 Control VO TX(00:00:00:00:00:00) Success=1 NoACK=0 Expired=0 OtherErr=0
[2025-04-22 19:16:51.363] [12195.337831]: LQM-WIFI: TX(FF:FF:FF:FF:FF:FF) AC<SU MS NB NRS NA CM EX TF FFP MRET FLE> BE<0 0 0 0 0 0 0 0 0 0 0> (5000ms)
[2025-04-22 19:16:51.363] [12195.337846]: LQM-WIFI: TX(FF:FF:FF:FF:FF:FF) AC<SU MS NB NRS NA CM EX TF FFP MRET FLE> VO<0 0 0 0 0 0 0 0 0 0 0> (5000ms)
[2025-04-22 19:16:51.363] [12195.754399]: LQM-WIFI:  WiFi Latency: TxLat-hist  [3(100 %) / 0(0 %) / 0(0 %) / 0(0 %)]   RxLat-hist  [0(0 %) / 0(0 %) / 0(0 %) / 0(0 %)]  intermittent-state = 0 
[2025-04-22 19:16:51.363] [12195.754458]: LQM-WIFI-CT: rssi=-68(-67 -69) snr=25 bcn=49(50) txFrames=27 txRetry=18 txRate=650000 rxFrames=29 rxRetry=1 rxRate=585000 rxToss=0
[2025-04-22 19:16:51.363] [12196.197025]: Waking up reference: 193Thread waiting on reference 193 woke upevaluation result: 193, exec, allowed, cache,  1745363810, 7, 5fea21a001ab487c, /Users/nickdeveau/Documents/Projects/WiFi-Stability-Analyzer/wsamap_with_linking_np: [15419(wsa)]: region 0, not code signed
[2025-04-22 19:16:51.864] [12185.336511]: LQM-WIFI: TX(00:00:00:00:00:00) AC<SU MS NB NRS NA CM EX TF FFP MRET FLE> BE<24 0 0 0 0 0 0 0 0 0 0> (5000ms)
[2025-04-22 19:16:51.864] [12185.336525]: LQM-WIFI: TX(00:00:00:00:00:00) AC<SU MS NB NRS NA CM EX TF FFP MRET FLE> BK<0 0 0 0 0 0 0 0 0 0 0> (5000ms)
[2025-04-22 19:16:51.864] [12185.336532]: LQM-WIFI: TX(00:00:00:00:00:00) AC<SU MS NB NRS NA CM EX TF FFP MRET FLE> VI<0 0 0 0 0 0 0 0 0 0 0> (5000ms)
[2025-04-22 19:16:51.864] [12185.336539]: LQM-WIFI: TX(00:00:00:00:00:00) AC<SU MS NB NRS NA CM EX TF FFP MRET FLE> VO<1 0 0 0 0 0 0 0 0 0 0> (5000ms)
[2025-04-22 19:16:51.864] [12185.336650]: LQM-WiFi: BE : Count: 24 avgLatencyMs:0 maxLatencyMs:7 
[2025-04-22 19:16:51.864] [12185.336658]: LQM-WiFi: BK : Count: 0 avgLatencyMs:0 maxLatencyMs:0 
[2025-04-22 19:16:51.864] [12185.336663]: LQM-WiFi: VI : Count: 0 avgLatencyMs:0 maxLatencyMs:0 
[2025-04-22 19:16:51.864] [12185.336668]: LQM-WiFi: VO : Count: 1 avgLatencyMs:0 maxLatencyMs:0 
[2025-04-22 19:16:51.864] [12185.336679]: LQM-WIFI: L3 Control VO TX(00:00:00:00:00:00) Success=1 NoACK=0 Expired=0 OtherErr=0
[2025-04-22 19:16:51.864] [12185.336686]: LQM-WIFI: TX(FF:FF:FF:FF:FF:FF) AC<SU MS NB NRS NA CM EX TF FFP MRET FLE> BE<0 0 0 0 0 0 0 0 0 0 0> (5000ms)
[2025-04-22 19:16:51.864] [12185.336698]: LQM-WIFI: TX(FF:FF:FF:FF:FF:FF) AC<SU MS NB NRS NA CM EX TF FFP MRET FLE> VO<0 0 0 0 0 0 0 0 0 0 0> (5000ms)
[2025-04-22 19:16:51.864] [12185.731713]: LQM-WIFI:  WiFi Latency: TxLat-hist  [0(100 %) / 0(0 %) / 0(0 %) / 0(0 %)]   RxLat-hist  [0(0 %) / 0(0 %) / 0(0 %) / 0(0 %)]  intermittent-state = 0 
[2025-04-22 19:16:51.864] [12185.731768]: LQM-WIFI-CT: rssi=-66(-65 -65) snr=28 bcn=49(49) txFrames=23 txRetry=3 txRate=650000 rxFrames=35 rxRetry=2 rxRate=585000 rxToss=0
[2025-04-22 19:16:51.864] [12188.291973]: LQM-WIFI-CT: rssi=-67(-67 -67) snr=27 bcn=0(0) txFrames=0 txRetry=0 txRate=0 rxFrames=0 rxRetry=0 rxRate=0 rxToss=0
[2025-04-22 19:16:51.864] [12188.986141]: LQM-WIFI: slow-wifi featureEnabled:1 Channel:136 chWidth:80 phyMode:128 nss:3 RSSI:-67 CCA:4 SNR:27 offChanDurUS:0 TVPMDurMS:0 concurrentIntDurMS:0 randomMac:0 dataStallScore:100 networkScore:100
[2025-04-22 19:16:51.864] [12188.986166]: LQM-WIFI: slow-wifi btAntDurMS:0 btESCO:0/0 rc1CoexDurMS:0 rc2CoexDurMS:0 lteCoexDurMS:0 totalNonWLANDurMS:0 infraDutyCycle:100 lastScanType:0
[2025-04-22 19:16:51.864] [12188.986174]: LQM-WIFI: slow-wifi availWLANDurMS:5015 availTxDurMS:4914 realTxDurMS:27 availRxDurMS:4988 realRxDurMS:101 measurementDurMS:5015 lastScanDurMS:0
[2025-04-22 19:16:51.864] [12188.986182]: LQM-WIFI: slow-wifi Tx tput (i/p:0 o/p:0 expected:0)Mbps queueFullDurMS:0 avgLatencyMS:3 maxLatencyMS:15 phyRate(mode:520 avg:485 expected:669) phyRateTputRatio:0
[2025-04-22 19:16:51.864] [12188.986203]: LQM-WIFI: slow-wifi Tx AMPDUDensity(actual:1 expectedAtQueueFull:64) retries:105 fails:0 fwFrames:80 hostFrames:0 hostFails:0 ctlPkts:1(2615) symptomsFails:0
[2025-04-22 19:16:51.864] [12188.986211]: LQM-WIFI: slow-wifi TxLim[1] outputBelowExpected:0 outputBelowInput:0 lowTxFrameCount:1 queueFull:0 highLatency:0 baselineNotAllowed:0 highSymptomsFails:0
[2025-04-22 19:16:51.864] [12188.986219]: LQM-WIFI: slow-wifi TxLim[1] lowPhyRate:0 lowPhyRateTputRatio:0 highPER:0 highRetries:0 lowTxAMPDUDensity:1 lowCCA:1 activeCoex:0 hostFWMismatch:0
[2025-04-22 19:16:51.864] [12188.986226]: LQM-WIFI: slow-wifi Rx tput:0 Mbps baseline:0 Mbps overflows:0 fcsFail:44 plcpBad:0 goodPlcps:652 crsGlitches:0 fwFrames:1284 ucastFWFrames:49 hostFrames:0 AmpduDUP:0 APTxDataStallPct:0 rxAmpduTxBaMismatch:0
[2025-04-22 19:16:51.864] [12188.986236]: LQM-WIFI: slow-wifi Rx ucast(replays:0 decryptErrs:0) mcast(replays:0 decryptErrs:0) phyRate(mode:520 avg:592 expected:669) dups:0 retries:0 phyRateTputRatio:0
[2025-04-22 19:16:51.864] [12188.986243]: LQM-WIFI: slow-wifi RxLim[1] highRetries:0 highPhyPER:0 highDataPER:0 highOverflows:0 highRSSI:1 lowPhyRate:0 lowPhyRateTputRatio:0 
[2025-04-22 19:16:51.864] [12188.986250]: LQM-WIFI: slow-wifi RxLim[1] highFCSErrors:0 highDups:0 highReplays:0 highDecryptErrors:0 highMCDecryptErrors:0 lowRxFrameCount:1
[2025-04-22 19:16:51.864] [12188.986256]: LQM-WIFI: UI Entry curState:Idle prevState:PendingIP event:ChannelQualityUpdate data:1
[2025-04-22 19:16:51.864] [12188.986263]: LQM-WIFI: UI Exit curState:Idle prevState:PendingIP
[2025-04-22 19:16:51.864] [12189.947047]: LQM-WIFI-CT: ofdmDesense=0 bphyDesense=0 reason=0x0
[2025-04-22 19:16:51.864] [12190.336973]: LQM-WIFI: TX(00:00:00:00:00:00) AC<SU MS NB NRS NA CM EX TF FFP MRET FLE> BE<103 0 0 0 0 0 0 0 0 0 0> (5000ms)
[2025-04-22 19:16:51.864] [12190.336998]: LQM-WIFI: TX(00:00:00:00:00:00) AC<SU MS NB NRS NA CM EX TF FFP MRET FLE> BK<0 0 0 0 0 0 0 0 0 0 0> (5000ms)
[2025-04-22 19:16:51.864] [12190.337010]: LQM-WIFI: TX(00:00:00:00:00:00) AC<SU MS NB NRS NA CM EX TF FFP MRET FLE> VI<0 0 0 0 0 0 0 0 0 0 0> (5000ms)
[2025-04-22 19:16:51.864] [12190.337020]: LQM-WIFI: TX(00:00:00:00:00:00) AC<SU MS NB NRS NA CM EX TF FFP MRET FLE> VO<0 0 0 0 0 0 0 0 0 0 0> (5000ms)
[2025-04-22 19:16:51.864] [12190.337181]: LQM-WiFi: BE : Count: 103 avgLatencyMs:3 maxLatencyMs:15 
[2025-04-22 19:16:51.864] [12190.337199]: LQM-WiFi: BK : Count: 0 avgLatencyMs:0 maxLatencyMs:0 
[2025-04-22 19:16:51.864] [12190.337205]: LQM-WiFi: VI : Count: 0 avgLatencyMs:0 maxLatencyMs:0 
[2025-04-22 19:16:51.864] [12190.337210]: LQM-WiFi: VO : Count: 0 avgLatencyMs:0 maxLatencyMs:0 
[2025-04-22 19:16:51.864] [12190.337226]: LQM-WIFI: L3 Control VO TX(00:00:00:00:00:00) Success=0 NoACK=0 Expired=0 OtherErr=0
[2025-04-22 19:16:51.864] [12190.337236]: LQM-WIFI: TX(FF:FF:FF:FF:FF:FF) AC<SU MS NB NRS NA CM EX TF FFP MRET FLE> BE<0 0 0 0 0 0 0 0 0 0 0> (5001ms)
[2025-04-22 19:16:51.864] [12190.337275]: LQM-WIFI: TX(FF:FF:FF:FF:FF:FF) AC<SU MS NB NRS NA CM EX TF FFP MRET FLE> VO<0 0 0 0 0 0 0 0 0 0 0> (5001ms)
[2025-04-22 19:16:51.864] [12190.741601]: LQM-WIFI:  WiFi Latency: TxLat-hist  [3(100 %) / 0(0 %) / 0(0 %) / 0(0 %)]   RxLat-hist  [0(0 %) / 0(0 %) / 0(0 %) / 0(0 %)]  intermittent-state = 0 
[2025-04-22 19:16:51.864] [12190.741651]: LQM-WIFI-CT: rssi=-64(-66 -64) snr=29 bcn=49(49) txFrames=75 txRetry=108 txRate=585000 rxFrames=58 rxRetry=1 rxRate=585000 rxToss=0
[2025-04-22 19:16:51.864] [12194.010198]: LQM-WIFI: slow-wifi featureEnabled:1 Channel:136 chWidth:80 phyMode:128 nss:3 RSSI:-64 CCA:4 SNR:29 offChanDurUS:0 TVPMDurMS:0 concurrentIntDurMS:0 randomMac:0 dataStallScore:100 networkScore:100
[2025-04-22 19:16:51.864] [12194.010223]: LQM-WIFI: slow-wifi btAntDurMS:0 btESCO:0/0 rc1CoexDurMS:0 rc2CoexDurMS:0 lteCoexDurMS:0 totalNonWLANDurMS:0 infraDutyCycle:100 lastScanType:0
[2025-04-22 19:16:51.864] [12194.010231]: LQM-WIFI: slow-wifi availWLANDurMS:5018 availTxDurMS:4898 realTxDurMS:6 availRxDurMS:5012 realRxDurMS:120 measurementDurMS:5018 lastScanDurMS:0
[2025-04-22 19:16:51.864] [12194.010239]: LQM-WIFI: slow-wifi Tx tput (i/p:0 o/p:0 expected:0)Mbps queueFullDurMS:0 avgLatencyMS:3 maxLatencyMS:9 phyRate(mode:520 avg:470 expected:1004) phyRateTputRatio:0
[2025-04-22 19:16:51.864] [12194.010247]: LQM-WIFI: slow-wifi Tx AMPDUDensity(actual:1 expectedAtQueueFull:64) retries:28 fails:0 fwFrames:26 hostFrames:0 hostFails:0 ctlPkts:0(2615) symptomsFails:0
[2025-04-22 19:16:51.864] [12194.010255]: LQM-WIFI: slow-wifi TxLim[1] outputBelowExpected:0 outputBelowInput:0 lowTxFrameCount:1 queueFull:0 highLatency:0 baselineNotAllowed:0 highSymptomsFails:0
[2025-04-22 19:16:51.864] [12194.010263]: LQM-WIFI: slow-wifi TxLim[1] lowPhyRate:0 lowPhyRateTputRatio:0 highPER:0 highRetries:0 lowTxAMPDUDensity:1 lowCCA:1 activeCoex:0 hostFWMismatch:0
[2025-04-22 19:16:51.864] [12194.010270]: LQM-WIFI: slow-wifi Rx tput:0 Mbps baseline:0 Mbps overflows:0 fcsFail:1 plcpBad:0 goodPlcps:716 crsGlitches:23 fwFrames:973 ucastFWFrames:15 hostFrames:0 AmpduDUP:0 APTxDataStallPct:0 rxAmpduTxBaMismatch:0
[2025-04-22 19:16:51.864] [12194.010280]: LQM-WIFI: slow-wifi Rx ucast(replays:0 decryptErrs:0) mcast(replays:0 decryptErrs:0) phyRate(mode:520 avg:618 expected:1004) dups:1 retries:0 phyRateTputRatio:0
[2025-04-22 19:16:51.864] [12194.010288]: LQM-WIFI: slow-wifi RxLim[1] highRetries:0 highPhyPER:0 highDataPER:0 highOverflows:0 highRSSI:1 lowPhyRate:0 lowPhyRateTputRatio:0 
[2025-04-22 19:16:51.864] [12194.010295]: LQM-WIFI: slow-wifi RxLim[1] highFCSErrors:0 highDups:0 highReplays:0 highDecryptErrors:0 highMCDecryptErrors:0 lowRxFrameCount:1
[2025-04-22 19:16:51.864] [12194.010301]: LQM-WIFI: UI Entry curState:Idle prevState:PendingIP event:ChannelQualityUpdate data:1
[2025-04-22 19:16:51.864] [12194.010309]: LQM-WIFI: UI Exit curState:Idle prevState:PendingIP
[2025-04-22 19:16:51.864] [12194.947294]: LQM-WIFI-CT: ofdmDesense=0 bphyDesense=0 reason=0x0
[2025-04-22 19:16:51.864] [12195.337529]: LQM-WIFI: TX(00:00:00:00:00:00) AC<SU MS NB NRS NA CM EX TF FFP MRET FLE> BE<34 0 0 0 0 0 0 0 0 0 0> (5001ms)
[2025-04-22 19:16:51.864] [12195.337555]: LQM-WIFI: TX(00:00:00:00:00:00) AC<SU MS NB NRS NA CM EX TF FFP MRET FLE> BK<0 0 0 0 0 0 0 0 0 0 0> (5001ms)
[2025-04-22 19:16:51.864] [12195.337589]: LQM-WIFI: TX(00:00:00:00:00:00) AC<SU MS NB NRS NA CM EX TF FFP MRET FLE> VI<0 0 0 0 0 0 0 0 0 0 0> (5001ms)
[2025-04-22 19:16:51.864] [12195.337599]: LQM-WIFI: TX(00:00:00:00:00:00) AC<SU MS NB NRS NA CM EX TF FFP MRET FLE> VO<1 0 0 0 0 0 0 0 0 0 0> (5001ms)
[2025-04-22 19:16:51.864] [12195.337774]: LQM-WiFi: BE : Count: 34 avgLatencyMs:3 maxLatencyMs:9 
[2025-04-22 19:16:51.864] [12195.337793]: LQM-WiFi: BK : Count: 0 avgLatencyMs:0 maxLatencyMs:0 
[2025-04-22 19:16:51.864] [12195.337799]: LQM-WiFi: VI : Count: 0 avgLatencyMs:0 maxLatencyMs:0 
[2025-04-22 19:16:51.864] [12195.337804]: LQM-WiFi: VO : Count: 1 avgLatencyMs:1 maxLatencyMs:1 
[2025-04-22 19:16:51.864] [12195.337821]: LQM-WIFI: L3 Control VO TX(00:00:00:00:00:00) Success=1 NoACK=0 Expired=0 OtherErr=0
[2025-04-22 19:16:51.864] [12195.337831]: LQM-WIFI: TX(FF:FF:FF:FF:FF:FF) AC<SU MS NB NRS NA CM EX TF FFP MRET FLE> BE<0 0 0 0 0 0 0 0 0 0 0> (5000ms)
[2025-04-22 19:16:51.864] [12195.337846]: LQM-WIFI: TX(FF:FF:FF:FF:FF:FF) AC<SU MS NB NRS NA CM EX TF FFP MRET FLE> VO<0 0 0 0 0 0 0 0 0 0 0> (5000ms)
[2025-04-22 19:16:51.864] [12195.754399]: LQM-WIFI:  WiFi Latency: TxLat-hist  [3(100 %) / 0(0 %) / 0(0 %) / 0(0 %)]   RxLat-hist  [0(0 %) / 0(0 %) / 0(0 %) / 0(0 %)]  intermittent-state = 0 
[2025-04-22 19:16:51.864] [12195.754458]: LQM-WIFI-CT: rssi=-68(-67 -69) snr=25 bcn=49(50) txFrames=27 txRetry=18 txRate=650000 rxFrames=29 rxRetry=1 rxRate=585000 rxToss=0
[2025-04-22 19:16:51.864] [12196.197025]: Waking up reference: 193Thread waiting on reference 193 woke upevaluation result: 193, exec, allowed, cache,  1745363810, 7, 5fea21a001ab487c, /Users/nickdeveau/Documents/Projects/WiFi-Stability-Analyzer/wsamap_with_linking_np: [15419(wsa)]: region 0, not code signed
[2025-04-22 19:16:52.364] [12185.336658]: LQM-WiFi: BK : Count: 0 avgLatencyMs:0 maxLatencyMs:0 
[2025-04-22 19:16:52.364] [12185.336663]: LQM-WiFi: VI : Count: 0 avgLatencyMs:0 maxLatencyMs:0 
[2025-04-22 19:16:52.364] [12185.336668]: LQM-WiFi: VO : Count: 1 avgLatencyMs:0 maxLatencyMs:0 
[2025-04-22 19:16:52.364] [12185.336679]: LQM-WIFI: L3 Control VO TX(00:00:00:00:00:00) Success=1 NoACK=0 Expired=0 OtherErr=0
[2025-04-22 19:16:52.364] [12185.336686]: LQM-WIFI: TX(FF:FF:FF:FF:FF:FF) AC<SU MS NB NRS NA CM EX TF FFP MRET FLE> BE<0 0 0 0 0 0 0 0 0 0 0> (5000ms)
[2025-04-22 19:16:52.364] [12185.336698]: LQM-WIFI: TX(FF:FF:FF:FF:FF:FF) AC<SU MS NB NRS NA CM EX TF FFP MRET FLE> VO<0 0 0 0 0 0 0 0 0 0 0> (5000ms)
[2025-04-22 19:16:52.364] [12185.731713]: LQM-WIFI:  WiFi Latency: TxLat-hist  [0(100 %) / 0(0 %) / 0(0 %) / 0(0 %)]   RxLat-hist  [0(0 %) / 0(0 %) / 0(0 %) / 0(0 %)]  intermittent-state = 0 
[2025-04-22 19:16:52.364] [12185.731768]: LQM-WIFI-CT: rssi=-66(-65 -65) snr=28 bcn=49(49) txFrames=23 txRetry=3 txRate=650000 rxFrames=35 rxRetry=2 rxRate=585000 rxToss=0
[2025-04-22 19:16:52.364] [12188.291973]: LQM-WIFI-CT: rssi=-67(-67 -67) snr=27 bcn=0(0) txFrames=0 txRetry=0 txRate=0 rxFrames=0 rxRetry=0 rxRate=0 rxToss=0
[2025-04-22 19:16:52.364] [12188.986141]: LQM-WIFI: slow-wifi featureEnabled:1 Channel:136 chWidth:80 phyMode:128 nss:3 RSSI:-67 CCA:4 SNR:27 offChanDurUS:0 TVPMDurMS:0 concurrentIntDurMS:0 randomMac:0 dataStallScore:100 networkScore:100
[2025-04-22 19:16:52.364] [12188.986166]: LQM-WIFI: slow-wifi btAntDurMS:0 btESCO:0/0 rc1CoexDurMS:0 rc2CoexDurMS:0 lteCoexDurMS:0 totalNonWLANDurMS:0 infraDutyCycle:100 lastScanType:0
[2025-04-22 19:16:52.364] [12188.986174]: LQM-WIFI: slow-wifi availWLANDurMS:5015 availTxDurMS:4914 realTxDurMS:27 availRxDurMS:4988 realRxDurMS:101 measurementDurMS:5015 lastScanDurMS:0
[2025-04-22 19:16:52.364] [12188.986182]: LQM-WIFI: slow-wifi Tx tput (i/p:0 o/p:0 expected:0)Mbps queueFullDurMS:0 avgLatencyMS:3 maxLatencyMS:15 phyRate(mode:520 avg:485 expected:669) phyRateTputRatio:0
[2025-04-22 19:16:52.364] [12188.986203]: LQM-WIFI: slow-wifi Tx AMPDUDensity(actual:1 expectedAtQueueFull:64) retries:105 fails:0 fwFrames:80 hostFrames:0 hostFails:0 ctlPkts:1(2615) symptomsFails:0
[2025-04-22 19:16:52.364] [12188.986211]: LQM-WIFI: slow-wifi TxLim[1] outputBelowExpected:0 outputBelowInput:0 lowTxFrameCount:1 queueFull:0 highLatency:0 baselineNotAllowed:0 highSymptomsFails:0
[2025-04-22 19:16:52.364] [12188.986219]: LQM-WIFI: slow-wifi TxLim[1] lowPhyRate:0 lowPhyRateTputRatio:0 highPER:0 highRetries:0 lowTxAMPDUDensity:1 lowCCA:1 activeCoex:0 hostFWMismatch:0
[2025-04-22 19:16:52.364] [12188.986226]: LQM-WIFI: slow-wifi Rx tput:0 Mbps baseline:0 Mbps overflows:0 fcsFail:44 plcpBad:0 goodPlcps:652 crsGlitches:0 fwFrames:1284 ucastFWFrames:49 hostFrames:0 AmpduDUP:0 APTxDataStallPct:0 rxAmpduTxBaMismatch:0
[2025-04-22 19:16:52.364] [12188.986236]: LQM-WIFI: slow-wifi Rx ucast(replays:0 decryptErrs:0) mcast(replays:0 decryptErrs:0) phyRate(mode:520 avg:592 expected:669) dups:0 retries:0 phyRateTputRatio:0
[2025-04-22 19:16:52.364] [12188.986243]: LQM-WIFI: slow-wifi RxLim[1] highRetries:0 highPhyPER:0 highDataPER:0 highOverflows:0 highRSSI:1 lowPhyRate:0 lowPhyRateTputRatio:0 
[2025-04-22 19:16:52.364] [12188.986250]: LQM-WIFI: slow-wifi RxLim[1] highFCSErrors:0 highDups:0 highReplays:0 highDecryptErrors:0 highMCDecryptErrors:0 lowRxFrameCount:1
[2025-04-22 19:16:52.364] [12188.986256]: LQM-WIFI: UI Entry curState:Idle prevState:PendingIP event:ChannelQualityUpdate data:1
[2025-04-22 19:16:52.364] [12188.986263]: LQM-WIFI: UI Exit curState:Idle prevState:PendingIP
[2025-04-22 19:16:52.364] [12189.947047]: LQM-WIFI-CT: ofdmDesense=0 bphyDesense=0 reason=0x0
[2025-04-22 19:16:52.364] [12190.336973]: LQM-WIFI: TX(00:00:00:00:00:00) AC<SU MS NB NRS NA CM EX TF FFP MRET FLE> BE<103 0 0 0 0 0 0 0 0 0 0> (5000ms)
[2025-04-22 19:16:52.364] [12190.336998]: LQM-WIFI: TX(00:00:00:00:00:00) AC<SU MS NB NRS NA CM EX TF FFP MRET FLE> BK<0 0 0 0 0 0 0 0 0 0 0> (5000ms)
[2025-04-22 19:16:52.364] [12190.337010]: LQM-WIFI: TX(00:00:00:00:00:00) AC<SU MS NB NRS NA CM EX TF FFP MRET FLE> VI<0 0 0 0 0 0 0 0 0 0 0> (5000ms)
[2025-04-22 19:16:52.364] [12190.337020]: LQM-WIFI: TX(00:00:00:00:00:00) AC<SU MS NB NRS NA CM EX TF FFP MRET FLE> VO<0 0 0 0 0 0 0 0 0 0 0> (5000ms)
[2025-04-22 19:16:52.364] [12190.337181]: LQM-WiFi: BE : Count: 103 avgLatencyMs:3 maxLatencyMs:15 
[2025-04-22 19:16:52.364] [12190.337199]: LQM-WiFi: BK : Count: 0 avgLatencyMs:0 maxLatencyMs:0 
[2025-04-22 19:16:52.364] [12190.337205]: LQM-WiFi: VI : Count: 0 avgLatencyMs:0 maxLatencyMs:0 
[2025-04-22 19:16:52.364] [12190.337210]: LQM-WiFi: VO : Count: 0 avgLatencyMs:0 maxLatencyMs:0 
[2025-04-22 19:16:52.364] [12190.337226]: LQM-WIFI: L3 Control VO TX(00:00:00:00:00:00) Success=0 NoACK=0 Expired=0 OtherErr=0
[2025-04-22 19:16:52.364] [12190.337236]: LQM-WIFI: TX(FF:FF:FF:FF:FF:FF) AC<SU MS NB NRS NA CM EX TF FFP MRET FLE> BE<0 0 0 0 0 0 0 0 0 0 0> (5001ms)
[2025-04-22 19:16:52.364] [12190.337275]: LQM-WIFI: TX(FF:FF:FF:FF:FF:FF) AC<SU MS NB NRS NA CM EX TF FFP MRET FLE> VO<0 0 0 0 0 0 0 0 0 0 0> (5001ms)
[2025-04-22 19:16:52.364] [12190.741601]: LQM-WIFI:  WiFi Latency: TxLat-hist  [3(100 %) / 0(0 %) / 0(0 %) / 0(0 %)]   RxLat-hist  [0(0 %) / 0(0 %) / 0(0 %) / 0(0 %)]  intermittent-state = 0 
[2025-04-22 19:16:52.364] [12190.741651]: LQM-WIFI-CT: rssi=-64(-66 -64) snr=29 bcn=49(49) txFrames=75 txRetry=108 txRate=585000 rxFrames=58 rxRetry=1 rxRate=585000 rxToss=0
[2025-04-22 19:16:52.364] [12194.010198]: LQM-WIFI: slow-wifi featureEnabled:1 Channel:136 chWidth:80 phyMode:128 nss:3 RSSI:-64 CCA:4 SNR:29 offChanDurUS:0 TVPMDurMS:0 concurrentIntDurMS:0 randomMac:0 dataStallScore:100 networkScore:100
[2025-04-22 19:16:52.364] [12194.010223]: LQM-WIFI: slow-wifi btAntDurMS:0 btESCO:0/0 rc1CoexDurMS:0 rc2CoexDurMS:0 lteCoexDurMS:0 totalNonWLANDurMS:0 infraDutyCycle:100 lastScanType:0
[2025-04-22 19:16:52.364] [12194.010231]: LQM-WIFI: slow-wifi availWLANDurMS:5018 availTxDurMS:4898 realTxDurMS:6 availRxDurMS:5012 realRxDurMS:120 measurementDurMS:5018 lastScanDurMS:0
[2025-04-22 19:16:52.364] [12194.010239]: LQM-WIFI: slow-wifi Tx tput (i/p:0 o/p:0 expected:0)Mbps queueFullDurMS:0 avgLatencyMS:3 maxLatencyMS:9 phyRate(mode:520 avg:470 expected:1004) phyRateTputRatio:0
[2025-04-22 19:16:52.364] [12194.010247]: LQM-WIFI: slow-wifi Tx AMPDUDensity(actual:1 expectedAtQueueFull:64) retries:28 fails:0 fwFrames:26 hostFrames:0 hostFails:0 ctlPkts:0(2615) symptomsFails:0
[2025-04-22 19:16:52.364] [12194.010255]: LQM-WIFI: slow-wifi TxLim[1] outputBelowExpected:0 outputBelowInput:0 lowTxFrameCount:1 queueFull:0 highLatency:0 baselineNotAllowed:0 highSymptomsFails:0
[2025-04-22 19:16:52.364] [12194.010263]: LQM-WIFI: slow-wifi TxLim[1] lowPhyRate:0 lowPhyRateTputRatio:0 highPER:0 highRetries:0 lowTxAMPDUDensity:1 lowCCA:1 activeCoex:0 hostFWMismatch:0
[2025-04-22 19:16:52.364] [12194.010270]: LQM-WIFI: slow-wifi Rx tput:0 Mbps baseline:0 Mbps overflows:0 fcsFail:1 plcpBad:0 goodPlcps:716 crsGlitches:23 fwFrames:973 ucastFWFrames:15 hostFrames:0 AmpduDUP:0 APTxDataStallPct:0 rxAmpduTxBaMismatch:0
[2025-04-22 19:16:52.364] [12194.010280]: LQM-WIFI: slow-wifi Rx ucast(replays:0 decryptErrs:0) mcast(replays:0 decryptErrs:0) phyRate(mode:520 avg:618 expected:1004) dups:1 retries:0 phyRateTputRatio:0
[2025-04-22 19:16:52.364] [12194.010288]: LQM-WIFI: slow-wifi RxLim[1] highRetries:0 highPhyPER:0 highDataPER:0 highOverflows:0 highRSSI:1 lowPhyRate:0 lowPhyRateTputRatio:0 
[2025-04-22 19:16:52.364] [12194.010295]: LQM-WIFI: slow-wifi RxLim[1] highFCSErrors:0 highDups:0 highReplays:0 highDecryptErrors:0 highMCDecryptErrors:0 lowRxFrameCount:1
[2025-04-22 19:16:52.364] [12194.010301]: LQM-WIFI: UI Entry curState:Idle prevState:PendingIP event:ChannelQualityUpdate data:1
[2025-04-22 19:16:52.364] [12194.010309]: LQM-WIFI: UI Exit curState:Idle prevState:PendingIP
[2025-04-22 19:16:52.364] [12194.947294]: LQM-WIFI-CT: ofdmDesense=0 bphyDesense=0 reason=0x0
[2025-04-22 19:16:52.364] [12195.337529]: LQM-WIFI: TX(00:00:00:00:00:00) AC<SU MS NB NRS NA CM EX TF FFP MRET FLE> BE<34 0 0 0 0 0 0 0 0 0 0> (5001ms)
[2025-04-22 19:16:52.364] [12195.337555]: LQM-WIFI: TX(00:00:00:00:00:00) AC<SU MS NB NRS NA CM EX TF FFP MRET FLE> BK<0 0 0 0 0 0 0 0 0 0 0> (5001ms)
[2025-04-22 19:16:52.364] [12195.337589]: LQM-WIFI: TX(00:00:00:00:00:00) AC<SU MS NB NRS NA CM EX TF FFP MRET FLE> VI<0 0 0 0 0 0 0 0 0 0 0> (5001ms)
[2025-04-22 19:16:52.364] [12195.337599]: LQM-WIFI: TX(00:00:00:00:00:00) AC<SU MS NB NRS NA CM EX TF FFP MRET FLE> VO<1 0 0 0 0 0 0 0 0 0 0> (5001ms)
[2025-04-22 19:16:52.364] [12195.337774]: LQM-WiFi: BE : Count: 34 avgLatencyMs:3 maxLatencyMs:9 
[2025-04-22 19:16:52.364] [12195.337793]: LQM-WiFi: BK : Count: 0 avgLatencyMs:0 maxLatencyMs:0 
[2025-04-22 19:16:52.364] [12195.337799]: LQM-WiFi: VI : Count: 0 avgLatencyMs:0 maxLatencyMs:0 
[2025-04-22 19:16:52.364] [12195.337804]: LQM-WiFi: VO : Count: 1 avgLatencyMs:1 maxLatencyMs:1 
[2025-04-22 19:16:52.364] [12195.337821]: LQM-WIFI: L3 Control VO TX(00:00:00:00:00:00) Success=1 NoACK=0 Expired=0 OtherErr=0
[2025-04-22 19:16:52.364] [12195.337831]: LQM-WIFI: TX(FF:FF:FF:FF:FF:FF) AC<SU MS NB NRS NA CM EX TF FFP MRET FLE> BE<0 0 0 0 0 0 0 0 0 0 0> (5000ms)
[2025-04-22 19:16:52.364] [12195.337846]: LQM-WIFI: TX(FF:FF:FF:FF:FF:FF) AC<SU MS NB NRS NA CM EX TF FFP MRET FLE> VO<0 0 0 0 0 0 0 0 0 0 0> (5000ms)
[2025-04-22 19:16:52.364] [12195.754399]: LQM-WIFI:  WiFi Latency: TxLat-hist  [3(100 %) / 0(0 %) / 0(0 %) / 0(0 %)]   RxLat-hist  [0(0 %) / 0(0 %) / 0(0 %) / 0(0 %)]  intermittent-state = 0 
[2025-04-22 19:16:52.364] [12195.754458]: LQM-WIFI-CT: rssi=-68(-67 -69) snr=25 bcn=49(50) txFrames=27 txRetry=18 txRate=650000 rxFrames=29 rxRetry=1 rxRate=585000 rxToss=0
[2025-04-22 19:16:52.364] [12196.197025]: Waking up reference: 193Thread waiting on reference 193 woke upevaluation result: 193, exec, allowed, cache,  1745363810, 7, 5fea21a001ab487c, /Users/nickdeveau/Documents/Projects/WiFi-Stability-Analyzer/wsamap_with_linking_np: [15419(wsa)]: region 0, not code signed
